Content-Type: text/plain; charset="utf-8"
MIME-Version: 1.0
Content-Transfer-Encoding: 8bit
Subject: Password reset on localhost:8000
From: webmaster@localhost
To: abcd@mail.com
Date: Sun, 14 Apr 2024 11:56:24 -0000
Message-ID: <171309578452.2772.6045322162677818307@DESKTOP-FMKEK4B>


You're receiving this email because you requested a password reset for your user account at localhost:8000.

Please go to the following page and choose a new password:

http://localhost:8000/user/password-reset-confirm/NQ/c5hhs0-be3607114de8cba2cc9966f83e342942/

Your username, in case you’ve forgotten: newuser6

Thanks for using our site!

The localhost:8000 team



-------------------------------------------------------------------------------
Content-Type: text/plain; charset="utf-8"
MIME-Version: 1.0
Content-Transfer-Encoding: 8bit
Subject: Password reset on localhost:8000
From: webmaster@localhost
To: abcd@mail.com
Date: Sun, 14 Apr 2024 11:56:24 -0000
Message-ID: <171309578452.2772.4983027034449200058@DESKTOP-FMKEK4B>


You're receiving this email because you requested a password reset for your user account at localhost:8000.

Please go to the following page and choose a new password:

http://localhost:8000/user/password-reset-confirm/Ng/c5hhs0-c56f12107e6b833580c4a31540eea451/

Your username, in case you’ve forgotten: newuser7

Thanks for using our site!

The localhost:8000 team



-------------------------------------------------------------------------------
Content-Type: text/plain; charset="utf-8"
MIME-Version: 1.0
Content-Transfer-Encoding: 8bit
Subject: Password reset on localhost:8000
From: webmaster@localhost
To: abcd@mail.com
Date: Sun, 14 Apr 2024 11:56:24 -0000
Message-ID: <171309578452.2772.6243462779497276665@DESKTOP-FMKEK4B>


You're receiving this email because you requested a password reset for your user account at localhost:8000.

Please go to the following page and choose a new password:

http://localhost:8000/user/password-reset-confirm/Nw/c5hhs0-3975947cfdbc9d36d72a3d99addc146d/

Your username, in case you’ve forgotten: newuser8

Thanks for using our site!

The localhost:8000 team



-------------------------------------------------------------------------------
